<?xml version="1.0" encoding="UTF-8"?>
<testsuite xmlns:xsi="http://www.w3.org/2001/XMLSchema-instance" xsi:noNamespaceSchemaLocation="https://maven.apache.org/surefire/maven-surefire-plugin/xsd/surefire-test-report-3.0.xsd" version="3.0" name="calculatorAppTests" time="0.357" tests="5" errors="0" skipped="0" failures="0">
  <properties>
[...]
</properties>
  <testcase name="testAdd" classname="calculatorAppTests" time="0.018"/>
  <testcase name="testSubtract" classname="calculatorAppTests" time="0.0"/>
  <testcase name="testDivide" classname="calculatorAppTests" time="0.0"/>
  <testcase name="testMultiply" classname="calculatorAppTests" time="0.0"/>
  <testcase name="testZeroDivide" classname="calculatorAppTests" time="0.021">
    <system-out><![CDATA[Error: Can't divide by zero.
]]></system-out>
  </testcase>
</testsuite>